<?xml version="1.0" encoding="utf-8"?>
<test-run id="0" testcasecount="8" total="8" passed="7" failed="1" inconclusive="0" skipped="0" asserts="7" result="Failed" portable-engine-version="3.3.0.0" start-time="2017-02-19 11:10:32Z" end-time="2017-02-19 11:10:32Z" duration="0.249485">
  <test-run id="0" testcasecount="8" total="8" passed="7" failed="1" inconclusive="0" skipped="0" asserts="7" result="Failed" portable-engine-version="3.3.0.0" start-time="2017-02-19 11:10:32Z" end-time="2017-02-19 11:10:32Z" duration="0.144900">
    <test-suite type="Assembly" id="1011" name="recursion.dll" fullname="/Users/nitrix/Projects/mentorship/recursion/bin/Debug/netcoreapp1.1/recursion.dll" runstate="Runnable" testcasecount="8" result="Failed" site="Child" start-time="2017-02-19 11:10:32Z" end-time="2017-02-19 11:10:32Z" duration="0.113752" total="8" passed="7" failed="1" warnings="0" inconclusive="0" skipped="0" asserts="7">
      <environment framework-version="3.6.0.0" clr-version=".NET Core 4.6.24628.01" os-version="Darwin 16.4.0 Darwin Kernel Version 16.4.0: Thu Dec 22 22:53:21 PST 2016; root:xnu-3789.41.3~3/RELEASE_X86_64" cwd="/Users/nitrix/Projects/mentorship/recursion" machine-name="MacBook-Pro" culture="en-US" uiculture="en-US" os-architecture="X64" />
      <settings>
        <setting name="WorkDirectory" value="/Users/nitrix/Projects/mentorship/recursion" />
      </settings>
      <failure>
        <message><![CDATA[One or more child tests had errors]]></message>
      </failure>
      <test-suite type="TestSuite" id="1012" name="Recursion" fullname="Recursion" runstate="Runnable" testcasecount="8" result="Failed" site="Child" start-time="2017-02-19 11:10:32Z" end-time="2017-02-19 11:10:32Z" duration="0.105293" total="8" passed="7" failed="1" warnings="0" inconclusive="0" skipped="0" asserts="7">
        <failure>
          <message><![CDATA[One or more child tests had errors]]></message>
        </failure>
        <test-suite type="TestFixture" id="1007" name="PermsWithDupsTest" fullname="Recursion.PermsWithDupsTest" classname="Recursion.PermsWithDupsTest" runstate="Runnable" testcasecount="3" result="Failed" site="Child" start-time="2017-02-19 11:10:32Z" end-time="2017-02-19 11:10:32Z" duration="0.092427" total="3" passed="2" failed="1" warnings="0" inconclusive="0" skipped="0" asserts="2">
          <failure>
            <message><![CDATA[One or more child tests had errors]]></message>
          </failure>
          <test-case id="1008" name="PermsWithDupsSingleString" fullname="Recursion.PermsWithDupsTest.PermsWithDupsSingleString" methodname="PermsWithDupsSingleString" classname="Recursion.PermsWithDupsTest" runstate="Runnable" seed="260444881" result="Passed" start-time="2017-02-19 11:10:32Z" end-time="2017-02-19 11:10:32Z" duration="0.017922" asserts="1" />
          <test-case id="1010" name="PermsWithDupsThreeStrings" fullname="Recursion.PermsWithDupsTest.PermsWithDupsThreeStrings" methodname="PermsWithDupsThreeStrings" classname="Recursion.PermsWithDupsTest" runstate="Runnable" seed="160315711" result="Failed" label="Error" start-time="2017-02-19 11:10:32Z" end-time="2017-02-19 11:10:32Z" duration="0.023871" asserts="0">
            <failure>
              <message><![CDATA[System.ArgumentOutOfRangeException : Index and length must refer to a location within the string.
Parameter name: length]]></message>
              <stack-trace><![CDATA[   at System.String.Substring(Int32 startIndex, Int32 length)
   at Recursion.Recursion.permsWithDups(String astr) in /Users/nitrix/Projects/mentorship/recursion/Recursion.cs:line 65
   at Recursion.PermsWithDupsTest.PermsWithDupsThreeStrings() in /Users/nitrix/Projects/mentorship/recursion/Test.cs:line 113]]></stack-trace>
            </failure>
          </test-case>
          <test-case id="1009" name="PermsWithDupsTwotrings" fullname="Recursion.PermsWithDupsTest.PermsWithDupsTwotrings" methodname="PermsWithDupsTwotrings" classname="Recursion.PermsWithDupsTest" runstate="Runnable" seed="1557116592" result="Passed" start-time="2017-02-19 11:10:32Z" end-time="2017-02-19 11:10:32Z" duration="0.000639" asserts="1" />
        </test-suite>
        <test-suite type="TestFixture" id="1000" name="PowerSetTests" fullname="Recursion.PowerSetTests" classname="Recursion.PowerSetTests" runstate="Runnable" testcasecount="1" result="Passed" start-time="2017-02-19 11:10:32Z" end-time="2017-02-19 11:10:32Z" duration="0.004421" total="1" passed="1" failed="0" warnings="0" inconclusive="0" skipped="0" asserts="1">
          <test-case id="1001" name="powerSetSetWithOneElement" fullname="Recursion.PowerSetTests.powerSetSetWithOneElement" methodname="powerSetSetWithOneElement" classname="Recursion.PowerSetTests" runstate="Runnable" seed="2091225417" result="Passed" start-time="2017-02-19 11:10:32Z" end-time="2017-02-19 11:10:32Z" duration="0.002453" asserts="1" />
        </test-suite>
        <test-suite type="TestFixture" id="1002" name="TripleStepsTest" fullname="Recursion.TripleStepsTest" classname="Recursion.TripleStepsTest" runstate="Runnable" testcasecount="4" result="Passed" start-time="2017-02-19 11:10:32Z" end-time="2017-02-19 11:10:32Z" duration="0.004364" total="4" passed="4" failed="0" warnings="0" inconclusive="0" skipped="0" asserts="4">
          <test-case id="1006" name="TripleStepsWithFour" fullname="Recursion.TripleStepsTest.TripleStepsWithFour" methodname="TripleStepsWithFour" classname="Recursion.TripleStepsTest" runstate="Runnable" seed="76608205" result="Passed" start-time="2017-02-19 11:10:32Z" end-time="2017-02-19 11:10:32Z" duration="0.000288" asserts="1" />
          <test-case id="1003" name="TripleStepsWithOne" fullname="Recursion.TripleStepsTest.TripleStepsWithOne" methodname="TripleStepsWithOne" classname="Recursion.TripleStepsTest" runstate="Runnable" seed="308888215" result="Passed" start-time="2017-02-19 11:10:32Z" end-time="2017-02-19 11:10:32Z" duration="0.000231" asserts="1" />
          <test-case id="1005" name="TripleStepsWithThree" fullname="Recursion.TripleStepsTest.TripleStepsWithThree" methodname="TripleStepsWithThree" classname="Recursion.TripleStepsTest" runstate="Runnable" seed="300462590" result="Passed" start-time="2017-02-19 11:10:32Z" end-time="2017-02-19 11:10:32Z" duration="0.000322" asserts="1" />
          <test-case id="1004" name="TripleStepsWithTwo" fullname="Recursion.TripleStepsTest.TripleStepsWithTwo" methodname="TripleStepsWithTwo" classname="Recursion.TripleStepsTest" runstate="Runnable" seed="1106855119" result="Passed" start-time="2017-02-19 11:10:32Z" end-time="2017-02-19 11:10:32Z" duration="0.000275" asserts="1" />
        </test-suite>
      </test-suite>
    </test-suite>
  </test-run>
</test-run>